

Microchip MPLAB XC8 Assembler V2.05 build -831301201 
                                                                                               Thu Mar 12 00:14:46 2020

Microchip MPLAB XC8 C Compiler v2.05 (Free license) build 20181220022703 Og1 
     1                           	processor	18F26K83
     2                           	fnconf	rparam,??,?,0
     3                           	opt	pw 120
     4                           	opt	flic
     5                           	psect	cinit,global,reloc=2,class=CODE,delta=1
     6                           	psect	cstackCOMRAM,global,class=COMRAM,space=1,delta=1,noexec
     7                           	psect	text0,global,reloc=2,class=CODE,delta=1
     8                           	psect	intsave_regs,global,class=BIGRAM,space=1,delta=1,noexec
     9                           	psect	rparam,global,class=COMRAM,space=1,delta=1,noexec
    10  0000                     
    11                           ; Version 2.05
    12                           ; Generated 20/12/2018 GMT
    13                           ; 
    14                           ; Copyright © 2018, Microchip Technology Inc. and its subsidiaries ("Microchip")
    15                           ; All rights reserved.
    16                           ; 
    17                           ; This software is developed by Microchip Technology Inc. and its subsidiaries ("Microch
      +                          ip").
    18                           ; 
    19                           ; Redistribution and use in source and binary forms, with or without modification, are
    20                           ; permitted provided that the following conditions are met:
    21                           ; 
    22                           ;     1. Redistributions of source code must retain the above copyright notice, this lis
      +                          t of
    23                           ;        conditions and the following disclaimer.
    24                           ; 
    25                           ;     2. Redistributions in binary form must reproduce the above copyright notice, this 
      +                          list
    26                           ;        of conditions and the following disclaimer in the documentation and/or other
    27                           ;        materials provided with the distribution.
    28                           ; 
    29                           ;     3. Microchip's name may not be used to endorse or promote products derived from th
      +                          is
    30                           ;        software without specific prior written permission.
    31                           ; 
    32                           ; THIS SOFTWARE IS PROVIDED BY MICROCHIP "AS IS" AND ANY EXPRESS OR IMPLIED WARRANTIES,
    33                           ; INCLUDING, BUT NOT LIMITED TO, THE IMPLIED WARRANTIES OF MERCHANTABILITY AND FITNESS F
      +                          OR
    34                           ; PURPOSE ARE DISCLAIMED.  IN NO EVENT SHALL MICROCHIP BE LIABLE FOR ANY DIRECT, INDIREC
      +                          T,
    35                           ; INCIDENTAL, SPECIAL, EXEMPLARY, OR CONSEQUENTIAL DAMAGES (INCLUDING BUT NOT LIMITED TO
    36                           ; PROCUREMENT OF SUBSTITUTE GOODS OR SERVICES; LOSS OF USE, DATA OR PROFITS; OR BUSINESS
    37                           ; INTERRUPTION) HOWSOEVER CAUSED AND ON ANY THEORY OF LIABILITY, WHETHER IN CONTRACT, ST
      +                          RICT
    38                           ; LIABILITY, OR TORT (INCLUDING NEGLIGENCE OR OTHERWISE) ARISING IN ANY WAY OUT OF THE U
      +                          SE OF
    39                           ; THIS SOFTWARE, EVEN IF ADVISED OF THE POSSIBILITY OF SUCH DAMAGE.
    40                           ; 
    41                           ; 
    42                           ; Code-generator required, PIC18F26K83 Definitions
    43                           ; 
    44                           ; SFR Addresses
    45  0000                     _PMD7	set	14791
    46  0000                     _PMD6	set	14790
    47  0000                     _PMD5	set	14789
    48  0000                     _PMD4	set	14788
    49  0000                     _PMD3	set	14787
    50  0000                     _PMD2	set	14786
    51  0000                     _PMD1	set	14785
    52  0000                     _PMD0	set	14784
    53  0000                     _OSCTUNE	set	14814
    54  0000                     _OSCFRQ	set	14815
    55  0000                     _OSCEN	set	14813
    56  0000                     _OSCCON3	set	14811
    57  0000                     _OSCCON1	set	14809
    58  0000                     _INLVLE	set	14980
    59  0000                     _INLVLC	set	14948
    60  0000                     _INLVLB	set	14932
    61  0000                     _INLVLA	set	14916
    62  0000                     _SLRCONC	set	14947
    63  0000                     _SLRCONB	set	14931
    64  0000                     _SLRCONA	set	14915
    65  0000                     _ODCONC	set	14946
    66  0000                     _ODCONB	set	14930
    67  0000                     _ODCONA	set	14914
    68  0000                     _WPUC	set	14945
    69  0000                     _WPUA	set	14913
    70  0000                     _WPUB	set	14929
    71  0000                     _WPUE	set	14977
    72  0000                     _ANSELA	set	14912
    73  0000                     _ANSELB	set	14928
    74  0000                     _ANSELC	set	14944
    75  0000                     _TRISC	set	16324
    76  0000                     _TRISB	set	16323
    77  0000                     _LATC	set	16316
    78  0000                     _LATB	set	16315
    79  0000                     _LATA	set	16314
    80  0000                     _TRISA	set	16322
    81  0000                     _LATA3	set	130515
    82  0000                     _LATA4	set	130516
    83  0000                     _LATA5	set	130517
    84                           
    85                           ; #config settings
    86  0000                     
    87                           	psect	cinit
    88  00FFA2                     __pcinit:
    89                           	opt callstack 0
    90  00FFA2                     start_initialization:
    91                           	opt callstack 0
    92  00FFA2                     __initialization:
    93                           	opt callstack 0
    94  00FFA2                     end_of_initialization:
    95                           	opt callstack 0
    96  00FFA2                     __end_of__initialization:
    97                           	opt callstack 0
    98  00FFA2  0100               	movlb	0
    99  00FFA4  EFD4  F07F         	goto	_main	;jump to C main() function
   100                           
   101                           	psect	cstackCOMRAM
   102  000001                     __pcstackCOMRAM:
   103                           	opt callstack 0
   104  000001                     
   105                           ; 2 bytes @ 0x0
   106  000001                     	ds	2
   107  000003                     
   108                           ; 3 bytes @ 0x2
   109  000003                     	ds	3
   110  000006                     ??_main:
   111                           
   112                           ; 1 bytes @ 0x5
   113  000006                     	ds	2
   114                           
   115 ;;
   116 ;;Main: autosize = 0, tempsize = 2, incstack = 0, save=0
   117 ;;
   118 ;; *************** function _main *****************
   119 ;; Defined at:
   120 ;;		line 7 in file "main.c"
   121 ;; Parameters:    Size  Location     Type
   122 ;;  argc            2    0[COMRAM] int 
   123 ;;  argv            3    2[COMRAM] PTR PTR unsigned char 
   124 ;; Auto vars:     Size  Location     Type
   125 ;;		None
   126 ;; Return value:  Size  Location     Type
   127 ;;                  2    0[COMRAM] int 
   128 ;; Registers used:
   129 ;;		wreg, status,2
   130 ;; Tracked objects:
   131 ;;		On entry : 0/0
   132 ;;		On exit  : 0/0
   133 ;;		Unchanged: 0/0
   134 ;; Data sizes:     COMRAM   BANK0   BANK1   BANK2   BANK3   BANK4   BANK5   BANK6   BANK7   BANK8   BANK9  BANK10  BANK1
      +1  BANK12  BANK13  BANK14  BANK15
   135 ;;      Params:         5       0       0       0       0       0       0       0       0       0       0       0       
      +0       0       0       0       0
   136 ;;      Locals:         0       0       0       0       0       0       0       0       0       0       0       0       
      +0       0       0       0       0
   137 ;;      Temps:          2       0       0       0       0       0       0       0       0       0       0       0       
      +0       0       0       0       0
   138 ;;      Totals:         7       0       0       0       0       0       0       0       0       0       0       0       
      +0       0       0       0       0
   139 ;;Total ram usage:        7 bytes
   140 ;; This function calls:
   141 ;;		Nothing
   142 ;; This function is called by:
   143 ;;		Startup code after reset
   144 ;; This function uses a non-reentrant model
   145 ;;
   146                           
   147                           	psect	text0
   148  00FFA8                     __ptext0:
   149                           	opt callstack 0
   150  00FFA8                     _main:
   151                           	opt callstack 31
   152                           
   153                           ;main.c: 8:     TRISA &= (0b00000000);
   154                           
   155                           ;incstack = 0
   156  00FFA8  0E00               	movlw	0
   157  00FFAA  6EC2               	movwf	16322,c	;volatile
   158  00FFAC                     l841:
   159                           
   160                           ;main.c: 10:         LATA5 = 1;
   161  00FFAC  8ABA               	bsf	16314,5,c	;volatile
   162                           
   163                           ;main.c: 11:         LATA4 = 0;
   164  00FFAE  98BA               	bcf	16314,4,c	;volatile
   165                           
   166                           ;main.c: 12:         _delay((unsigned long)((1000)*(1000000/4000.0)));
   167  00FFB0  0E02               	movlw	2
   168  00FFB2  6E07               	movwf	(??_main+1)& (0+255),c
   169  00FFB4  0E45               	movlw	69
   170  00FFB6  6E06               	movwf	??_main& (0+255),c
   171  00FFB8  0EAA               	movlw	170
   172  00FFBA                     u17:
   173  00FFBA  2EE8               	decfsz	wreg,f,c
   174  00FFBC  D7FE               	bra	u17
   175  00FFBE  2E06               	decfsz	??_main& (0+255),f,c
   176  00FFC0  D7FC               	bra	u17
   177  00FFC2  2E07               	decfsz	(??_main+1)& (0+255),f,c
   178  00FFC4  D7FA               	bra	u17
   179                           
   180                           ;main.c: 13:         LATA4 = 1;
   181  00FFC6  88BA               	bsf	16314,4,c	;volatile
   182                           
   183                           ;main.c: 14:         LATA3 = 0;
   184  00FFC8  96BA               	bcf	16314,3,c	;volatile
   185                           
   186                           ;main.c: 15:         _delay((unsigned long)((1000)*(1000000/4000.0)));
   187  00FFCA  0E02               	movlw	2
   188  00FFCC  6E07               	movwf	(??_main+1)& (0+255),c
   189  00FFCE  0E45               	movlw	69
   190  00FFD0  6E06               	movwf	??_main& (0+255),c
   191  00FFD2  0EAA               	movlw	170
   192  00FFD4                     u27:
   193  00FFD4  2EE8               	decfsz	wreg,f,c
   194  00FFD6  D7FE               	bra	u27
   195  00FFD8  2E06               	decfsz	??_main& (0+255),f,c
   196  00FFDA  D7FC               	bra	u27
   197  00FFDC  2E07               	decfsz	(??_main+1)& (0+255),f,c
   198  00FFDE  D7FA               	bra	u27
   199                           
   200                           ;main.c: 16:         LATA3 = 1;
   201  00FFE0  86BA               	bsf	16314,3,c	;volatile
   202                           
   203                           ;main.c: 17:         LATA5 = 0;
   204  00FFE2  9ABA               	bcf	16314,5,c	;volatile
   205                           
   206                           ;main.c: 18:         _delay((unsigned long)((1000)*(1000000/4000.0)));
   207  00FFE4  0E02               	movlw	2
   208  00FFE6  6E07               	movwf	(??_main+1)& (0+255),c
   209  00FFE8  0E45               	movlw	69
   210  00FFEA  6E06               	movwf	??_main& (0+255),c
   211  00FFEC  0EAA               	movlw	170
   212  00FFEE                     u37:
   213  00FFEE  2EE8               	decfsz	wreg,f,c
   214  00FFF0  D7FE               	bra	u37
   215  00FFF2  2E06               	decfsz	??_main& (0+255),f,c
   216  00FFF4  D7FC               	bra	u37
   217  00FFF6  2E07               	decfsz	(??_main+1)& (0+255),f,c
   218  00FFF8  D7FA               	bra	u37
   219  00FFFA  D7D8               	goto	l841
   220  00FFFC                     __end_of_main:
   221                           	opt callstack 0
   222  0000                     
   223                           	psect	rparam
   224  0000                     tosu	equ	0x3FFF
   225                           tosh	equ	0x3FFE
   226                           tosl	equ	0x3FFD
   227                           stkptr	equ	0x3FFC
   228                           pclatu	equ	0x3FFB
   229                           pclath	equ	0x3FFA
   230                           pcl	equ	0x3FF9
   231                           tblptru	equ	0x3FF8
   232                           tblptrh	equ	0x3FF7
   233                           tblptrl	equ	0x3FF6
   234                           tablat	equ	0x3FF5
   235                           prodh	equ	0x3FF4
   236                           prodl	equ	0x3FF3
   237                           indf0	equ	0x3FEF
   238                           postinc0	equ	0x3FEE
   239                           postdec0	equ	0x3FED
   240                           preinc0	equ	0x3FEC
   241                           plusw0	equ	0x3FEB
   242                           fsr0h	equ	0x3FEA
   243                           fsr0l	equ	0x3FE9
   244                           wreg	equ	0x3FE8
   245                           indf1	equ	0x3FE7
   246                           postinc1	equ	0x3FE6
   247                           postdec1	equ	0x3FE5
   248                           preinc1	equ	0x3FE4
   249                           plusw1	equ	0x3FE3
   250                           fsr1h	equ	0x3FE2
   251                           fsr1l	equ	0x3FE1
   252                           bsr	equ	0x3FE0
   253                           indf2	equ	0x3FDF
   254                           postinc2	equ	0x3FDE
   255                           postdec2	equ	0x3FDD
   256                           preinc2	equ	0x3FDC
   257                           plusw2	equ	0x3FDB
   258                           fsr2h	equ	0x3FDA
   259                           fsr2l	equ	0x3FD9
   260                           status	equ	0x3FD8


Data Sizes:
    Strings     0
    Constant    0
    Data        0
    BSS         0
    Persistent  0
    Stack       0

Auto Spaces:
    Space          Size  Autos    Used
    COMRAM           95      7       7
    BANK0           160      0       0
    BANK1           256      0       0
    BANK2           256      0       0
    BANK3           256      0       0
    BANK4           256      0       0
    BANK5           256      0       0
    BANK6           256      0       0
    BANK7           256      0       0
    BANK8           256      0       0
    BANK9           256      0       0
    BANK10          256      0       0
    BANK11          256      0       0
    BANK12          256      0       0
    BANK13          256      0       0
    BANK14          256      0       0
    BANK15          256      0       0

Pointer List with Targets:

    None.

Critical Paths under _main in COMRAM

    None.

Critical Paths under _main in BANK0

    None.

Critical Paths under _main in BANK1

    None.

Critical Paths under _main in BANK2

    None.

Critical Paths under _main in BANK3

    None.

Critical Paths under _main in BANK4

    None.

Critical Paths under _main in BANK5

    None.

Critical Paths under _main in BANK6

    None.

Critical Paths under _main in BANK7

    None.

Critical Paths under _main in BANK8

    None.

Critical Paths under _main in BANK9

    None.

Critical Paths under _main in BANK10

    None.

Critical Paths under _main in BANK11

    None.

Critical Paths under _main in BANK12

    None.

Critical Paths under _main in BANK13

    None.

Critical Paths under _main in BANK14

    None.

Critical Paths under _main in BANK15

    None.

Call Graph Tables:

 ---------------------------------------------------------------------------------
 (Depth) Function   	        Calls       Base Space   Used Autos Params    Refs
 ---------------------------------------------------------------------------------
 (0) _main                                                 7     2      5       0
                                              0 COMRAM     7     2      5
 ---------------------------------------------------------------------------------
 Estimated maximum stack depth 0
 ---------------------------------------------------------------------------------

 Call Graph Graphs:

 _main (ROOT)

 Address spaces:
Name               Size   Autos  Total    Cost      Usage
BITCOMRAM           5F      0       0       0        0.0%
EEDATA             400      0       0       0        0.0%
NULL                 0      0       0       0        0.0%
CODE                 0      0       0       0        0.0%
COMRAM              5F      7       7       1        7.4%
STACK                0      0       0       2        0.0%
DATA                 0      0       0       3        0.0%
BITBANK0            A0      0       0       4        0.0%
BANK0               A0      0       0       5        0.0%
ABS                  0      0       0       6        0.0%
BITBANK1           100      0       0       7        0.0%
BANK1              100      0       0       8        0.0%
BITBANK2           100      0       0       9        0.0%
BANK2              100      0       0      10        0.0%
BITBANK3           100      0       0      11        0.0%
BANK3              100      0       0      12        0.0%
BITBANK4           100      0       0      13        0.0%
BANK4              100      0       0      14        0.0%
BITBANK5           100      0       0      15        0.0%
BANK5              100      0       0      16        0.0%
BITBANK6           100      0       0      17        0.0%
BANK6              100      0       0      18        0.0%
BITBANK7           100      0       0      19        0.0%
BANK7              100      0       0      20        0.0%
BITBANK8           100      0       0      21        0.0%
BANK8              100      0       0      22        0.0%
BITBANK9           100      0       0      23        0.0%
BANK9              100      0       0      24        0.0%
BITBANK10          100      0       0      25        0.0%
BANK10             100      0       0      26        0.0%
BITBANK11          100      0       0      27        0.0%
BANK11             100      0       0      28        0.0%
BITBANK12          100      0       0      29        0.0%
BANK12             100      0       0      30        0.0%
BITBANK13          100      0       0      31        0.0%
BANK13             100      0       0      32        0.0%
BITBANK14          100      0       0      33        0.0%
BANK14             100      0       0      34        0.0%
BITBANK15          100      0       0      35        0.0%
BANK15             100      0       0      36        0.0%
BIGRAM             FFF      0       0      37        0.0%
BITSFR_9             0      0       0     200        0.0%
SFR_9                0      0       0     200        0.0%
BITSFR_8             0      0       0     200        0.0%
SFR_8                0      0       0     200        0.0%
BITSFR_7             0      0       0     200        0.0%
SFR_7                0      0       0     200        0.0%
BITSFR_6             0      0       0     200        0.0%
SFR_6                0      0       0     200        0.0%
BITSFR_5             0      0       0     200        0.0%
SFR_5                0      0       0     200        0.0%
BITSFR_4             0      0       0     200        0.0%
SFR_4                0      0       0     200        0.0%
BITSFR_3             0      0       0     200        0.0%
SFR_3                0      0       0     200        0.0%
BITSFR_2             0      0       0     200        0.0%
SFR_2                0      0       0     200        0.0%
BITSFR_1             0      0       0     200        0.0%
SFR_1                0      0       0     200        0.0%
BITSFR               0      0       0     200        0.0%
SFR                  0      0       0     200        0.0%


Microchip Technology PIC18 Macro Assembler V2.05 build -831301201 
Symbol Table                                                                                   Thu Mar 12 00:14:46 2020

              __CFG_CP$OFF 000000                         u17 FFBA                         u27 FFD4  
                       u37 FFEE                __CFG_LVP$ON 000000                        l841 FFAC  
                      wreg 003FE8              __CFG_BBEN$OFF 000000               __CFG_ZCD$OFF 000000  
                     _LATA 003FBA                       _LATB 003FBB                       _LATC 003FBC  
                     _PMD0 0039C0                       _PMD1 0039C1                       _PMD2 0039C2  
                     _PMD3 0039C3                       _PMD4 0039C4                       _PMD5 0039C5  
                     _PMD6 0039C6                       _PMD7 0039C7                       _WPUA 003A41  
                     _WPUB 003A51                       _WPUC 003A61                       _WPUE 003A81  
            __CFG_FCMEN$ON 000000                       _main FFA8                       start FFFC  
            __CFG_CSWEN$ON 000000               ___param_bank 000000                      ?_main 0001  
            __CFG_WDTE$OFF 000000                      _LATA3 01FDD3                      _LATA4 01FDD4  
                    _LATA5 01FDD5             __CFG_DEBUG$OFF 000000                      _OSCEN 0039DD  
                    _TRISA 003FC2                      _TRISB 003FC3                      _TRISC 003FC4  
            __CFG_WRTB$OFF 000000              __CFG_WRTC$OFF 000000              __CFG_WRTD$OFF 000000  
       __CFG_MCLRE$EXTMCLR 000000            __initialization FFA2               __end_of_main FFFC  
           __CFG_SAFEN$OFF 000000                     ??_main 0006             __CFG_PR1WAY$ON 000000  
            __activetblptr 000000                     _ANSELA 003A40                     _ANSELB 003A50  
                   _ANSELC 003A60                     _ODCONA 003A42                     _ODCONB 003A52  
                   _ODCONC 003A62             __CFG_WDTCCS$SC 000000                     _INLVLA 003A44  
                   _INLVLB 003A54                     _INLVLC 003A64                     _INLVLE 003A84  
                   _OSCFRQ 0039DF             __CFG_XINST$OFF 000000  __CFG_RSTOSC$HFINTOSC_1MHZ 000000  
           __CFG_STVREN$ON 000000                 __accesstop 0060    __end_of__initialization FFA2  
            ___rparam_used 000001             __pcstackCOMRAM 0001            __CFG_IVT1WAY$ON 000000  
          __CFG_MVECEN$OFF 000000            __CFG_PPS1WAY$ON 000000        __CFG_PWRTS$PWRT_OFF 000000  
                  _OSCCON1 0039D9                    _OSCCON3 0039DB                    _OSCTUNE 0039DE  
                  _SLRCONA 003A43                    _SLRCONB 003A53                    _SLRCONC 003A63  
                  __Hparam 0000                    __Lparam 0000                    __pcinit FFA2  
                  __ramtop 1000                    __ptext0 FFA8            __CFG_WRTAPP$OFF 000000  
          __CFG_WRTSAF$OFF 000000       end_of_initialization FFA2      __CFG_WDTCPS$WDTCPS_31 000000  
         __CFG_FEXTOSC$OFF 000000        start_initialization FFA2           __CFG_LPBOREN$OFF 000000  
   __CFG_BBSIZE$BBSIZE_512 000000        __CFG_BORV$VBOR_2P45 000000                   __Hrparam 0000  
                 __Lrparam 0000         __CFG_BOREN$SBORDIS 000000              __size_of_main 0054  
     __CFG_WDTCWS$WDTCWS_7 000000                   main@argc 0001                   main@argv 0003  
        __CFG_CLKOUTEN$OFF 000000  
